<?xml version="1.0" encoding="utf-8" standalone="no"?>
<!--This file represents the results of running a test suite-->
<test-results name="/Users/globatos/Documents/API/CHAPACASH/csharp-client/src/IO.CalificaChapacashCsharp.Test/bin/Debug/IO.CalificaChapacashCsharp.Test.dll" total="1" errors="0" failures="0" not-run="0" inconclusive="0" ignored="0" skipped="0" invalid="0" date="2021-08-30" time="08:09:53">
  <environment nunit-version="2.6.4.14350" clr-version="4.0.30319.42000" os-version="Unix 18.7.0.0" platform="Unix" cwd="/Users/globatos/Documents/API/CHAPACASH/csharp-client" machine-name="Mac-de-Gamaliel-Lobato" user="globatos" user-domain="Mac-de-Gamaliel-Lobato" />
  <culture-info current-culture="es-MX" current-uiculture="es-MX" />
  <test-suite type="Assembly" name="/Users/globatos/Documents/API/CHAPACASH/csharp-client/src/IO.CalificaChapacashCsharp.Test/bin/Debug/IO.CalificaChapacashCsharp.Test.dll" executed="True" result="Success" success="True" time="24.987" asserts="0">
    <results>
      <test-suite type="Namespace" name="IO" executed="True" result="Success" success="True" time="24.981" asserts="0">
        <results>
          <test-suite type="Namespace" name="CalificaChapacashCsharp" executed="True" result="Success" success="True" time="24.981" asserts="0">
            <results>
              <test-suite type="Namespace" name="Test" executed="True" result="Success" success="True" time="24.981" asserts="0">
                <results>
                  <test-suite type="TestFixture" name="CalificaApiTests" executed="True" result="Success" success="True" time="24.980" asserts="0">
                    <results>
                      <test-case name="IO.CalificaChapacashCsharp.Test.CalificaApiTests.ChapacashTest" executed="True" result="Success" success="True" time="24.971" asserts="1" />
                    </results>
                  </test-suite>
                </results>
              </test-suite>
            </results>
          </test-suite>
        </results>
      </test-suite>
    </results>
  </test-suite>
</test-results>